<?xml version="1.0" encoding="UTF-8"?>
<testsuite name="Utest" tests="1" skipped="0" failures="0" errors="0" timestamp="2021-02-22T20:45:36" hostname="DESKTOP-IUS6C6M" time="36.755">
  <properties/>
  <testcase name="Register in the utest platform" classname="Utest" time="36.755"/>
  <system-out><![CDATA[]]></system-out>
  <system-err><![CDATA[[Test worker] WARN net.thucydides.core.steps.BaseStepListener - stepStarted: net.thucydides.core.steps.ExecutedStepDescription@390324c1
[Test worker] WARN net.thucydides.core.steps.BaseStepListener - stepStarted: net.thucydides.core.steps.ExecutedStepDescription@41b7d422
[Test worker] WARN net.thucydides.core.steps.BaseStepListener - stepStarted: net.thucydides.core.steps.ExecutedStepDescription@29baa314
feb 22, 2021 3:45:37 PM org.openqa.selenium.remote.DesiredCapabilities chrome
INFORMACIÓN: Using `new ChromeOptions()` is preferred to `DesiredCapabilities.chrome()`
[Test worker] INFO net.serenitybdd.core.webdriver.driverproviders.ProvideNewDriver - Instantiating driver
[Test worker] INFO net.serenitybdd.core.webdriver.driverproviders.ProvideNewDriver - Driver capabilities: Capabilities {acceptInsecureCerts: false, browserName: chrome, chrome.switches: --start-maximized, goog:chromeOptions: {args: [--start-maximized], extensions: []}, loggingPrefs: org.openqa.selenium.logging..., platform: ANY, version: }
Starting ChromeDriver 88.0.4324.96 (68dba2d8a0b149a1d3afac56fa74648032bcf46b-refs/branch-heads/4324@{#1784}) on port 30644
Only local connections are allowed.
Please see https://chromedriver.chromium.org/security-considerations for suggestions on keeping ChromeDriver safe.
ChromeDriver was started successfully.
feb 22, 2021 3:45:41 PM org.openqa.selenium.remote.ProtocolHandshake createSession
INFORMACIÓN: Detected dialect: W3C
[Test worker] WARN net.thucydides.core.steps.BaseStepListener - stepFinished: current outcome:Register in the utest platform:Example: {strName=Daniel, strLastName=Garcia} [Given than Daniel want register utest platform [Daniel open up [Daniel opens the Utes page]]]
[Test worker] WARN net.thucydides.core.steps.BaseStepListener - stepFinished: current outcome:Register in the utest platform:Example: {strName=Daniel, strLastName=Garcia} [Given than Daniel want register utest platform [Daniel open up [Daniel opens the Utes page]]]
[Test worker] WARN net.thucydides.core.steps.BaseStepListener - stepStarted: net.thucydides.core.steps.ExecutedStepDescription@554b44ac
[Test worker] WARN net.thucydides.core.steps.BaseStepListener - stepStarted: net.thucydides.core.steps.ExecutedStepDescription@7215cf0a
[Test worker] WARN net.thucydides.core.steps.BaseStepListener - stepFinished: current outcome:Register in the utest platform:Example: {strName=Daniel, strLastName=Garcia} [Given than Daniel want register utest platform [Daniel open up [Daniel opens the Utes page], Daniel start [Daniel clicks on button that start the register]]]
[Test worker] WARN net.thucydides.core.steps.BaseStepListener - stepFinished: current outcome:Register in the utest platform:Example: {strName=Daniel, strLastName=Garcia} [Given than Daniel want register utest platform [Daniel open up [Daniel opens the Utes page], Daniel start [Daniel clicks on button that start the register]]]
[Test worker] WARN net.thucydides.core.steps.BaseStepListener - stepFinished: current outcome:Register in the utest platform:Example: {strName=Daniel, strLastName=Garcia} [Given than Daniel want register utest platform [Daniel open up [Daniel opens the Utes page], Daniel start [Daniel clicks on button that start the register]]]
[Test worker] WARN net.thucydides.core.steps.BaseStepListener - stepStarted: net.thucydides.core.steps.ExecutedStepDescription@53687bc3
[Test worker] WARN net.thucydides.core.steps.BaseStepListener - stepStarted: net.thucydides.core.steps.ExecutedStepDescription@ed2b3b5
Starting ChromeDriver 88.0.4324.96 (68dba2d8a0b149a1d3afac56fa74648032bcf46b-refs/branch-heads/4324@{#1784}) on port 6398
Only local connections are allowed.
Please see https://chromedriver.chromium.org/security-considerations for suggestions on keeping ChromeDriver safe.
ChromeDriver was started successfully.
feb 22, 2021 3:45:53 PM org.openqa.selenium.remote.ProtocolHandshake createSession
INFORMACIÓN: Detected dialect: W3C
[Test worker] WARN net.thucydides.core.steps.BaseStepListener - stepStarted: net.thucydides.core.steps.ExecutedStepDescription@2a86da1
[Test worker] WARN net.thucydides.core.steps.BaseStepListener - stepFinished: current outcome:Register in the utest platform:Example: {strName=Daniel, strLastName=Garcia} [Given than Daniel want register utest platform [Daniel open up [Daniel opens the Utes page], Daniel start [Daniel clicks on button that start the register]], When he fill out the forms
| strName | strLastName | strEmail | strPassword |
| Daniel | Garcia | danielgarcia10211222@gmail.com | TGGADll96$ | [Daniel step1 [Daniel enters 'Daniel' into first name of user]]]
[Test worker] WARN net.thucydides.core.steps.BaseStepListener - stepStarted: net.thucydides.core.steps.ExecutedStepDescription@1d03ba5a
[Test worker] WARN net.thucydides.core.steps.BaseStepListener - stepFinished: current outcome:Register in the utest platform:Example: {strName=Daniel, strLastName=Garcia} [Given than Daniel want register utest platform [Daniel open up [Daniel opens the Utes page], Daniel start [Daniel clicks on button that start the register]], When he fill out the forms
| strName | strLastName | strEmail | strPassword |
| Daniel | Garcia | danielgarcia10211222@gmail.com | TGGADll96$ | [Daniel step1 [Daniel enters 'Daniel' into first name of user, Daniel enters 'Garcia' into last name of user]]]
[Test worker] WARN net.thucydides.core.steps.BaseStepListener - stepStarted: net.thucydides.core.steps.ExecutedStepDescription@2df222b5
[Test worker] WARN net.thucydides.core.steps.BaseStepListener - stepFinished: current outcome:Register in the utest platform:Example: {strName=Daniel, strLastName=Garcia} [Given than Daniel want register utest platform [Daniel open up [Daniel opens the Utes page], Daniel start [Daniel clicks on button that start the register]], When he fill out the forms
| strName | strLastName | strEmail | strPassword |
| Daniel | Garcia | danielgarcia10211222@gmail.com | TGGADll96$ | [Daniel step1 [Daniel enters 'Daniel' into first name of user, Daniel enters 'Garcia' into last name of user, Daniel enters 'danielgarcia10211222@gmail.com' into email  of user]]]
[Test worker] WARN net.thucydides.core.steps.BaseStepListener - stepStarted: net.thucydides.core.steps.ExecutedStepDescription@55058af9
[Test worker] WARN net.thucydides.core.steps.BaseStepListener - stepFinished: current outcome:Register in the utest platform:Example: {strName=Daniel, strLastName=Garcia} [Given than Daniel want register utest platform [Daniel open up [Daniel opens the Utes page], Daniel start [Daniel clicks on button that start the register]], When he fill out the forms
| strName | strLastName | strEmail | strPassword |
| Daniel | Garcia | danielgarcia10211222@gmail.com | TGGADll96$ | [Daniel step1 [Daniel enters 'Daniel' into first name of user, Daniel enters 'Garcia' into last name of user, Daniel enters 'danielgarcia10211222@gmail.com' into email  of user, Daniel selects number:10 in day of birth]]]
[Test worker] WARN net.thucydides.core.steps.BaseStepListener - stepStarted: net.thucydides.core.steps.ExecutedStepDescription@2a8dd453
[Test worker] WARN net.thucydides.core.steps.BaseStepListener - stepFinished: current outcome:Register in the utest platform:Example: {strName=Daniel, strLastName=Garcia} [Given than Daniel want register utest platform [Daniel open up [Daniel opens the Utes page], Daniel start [Daniel clicks on button that start the register]], When he fill out the forms
| strName | strLastName | strEmail | strPassword |
| Daniel | Garcia | danielgarcia10211222@gmail.com | TGGADll96$ | [Daniel step1 [Daniel enters 'Daniel' into first name of user, Daniel enters 'Garcia' into last name of user, Daniel enters 'danielgarcia10211222@gmail.com' into email  of user, Daniel selects number:10 in day of birth, Daniel selects number:20 in day of birth]]]
[Test worker] WARN net.thucydides.core.steps.BaseStepListener - stepStarted: net.thucydides.core.steps.ExecutedStepDescription@5beee222
[Test worker] WARN net.thucydides.core.steps.BaseStepListener - stepFinished: current outcome:Register in the utest platform:Example: {strName=Daniel, strLastName=Garcia} [Given than Daniel want register utest platform [Daniel open up [Daniel opens the Utes page], Daniel start [Daniel clicks on button that start the register]], When he fill out the forms
| strName | strLastName | strEmail | strPassword |
| Daniel | Garcia | danielgarcia10211222@gmail.com | TGGADll96$ | [Daniel step1 [Daniel enters 'Daniel' into first name of user, Daniel enters 'Garcia' into last name of user, Daniel enters 'danielgarcia10211222@gmail.com' into email  of user, Daniel selects number:10 in day of birth, Daniel selects number:20 in day of birth, Daniel selects number:1996 in year of birth]]]
[Test worker] WARN net.thucydides.core.steps.BaseStepListener - stepStarted: net.thucydides.core.steps.ExecutedStepDescription@7dc3b3c6
[Test worker] WARN net.thucydides.core.steps.BaseStepListener - stepFinished: current outcome:Register in the utest platform:Example: {strName=Daniel, strLastName=Garcia} [Given than Daniel want register utest platform [Daniel open up [Daniel opens the Utes page], Daniel start [Daniel clicks on button that start the register]], When he fill out the forms
| strName | strLastName | strEmail | strPassword |
| Daniel | Garcia | danielgarcia10211222@gmail.com | TGGADll96$ | [Daniel step1 [Daniel enters 'Daniel' into first name of user, Daniel enters 'Garcia' into last name of user, Daniel enters 'danielgarcia10211222@gmail.com' into email  of user, Daniel selects number:10 in day of birth, Daniel selects number:20 in day of birth, Daniel selects number:1996 in year of birth, Daniel clicks on button that start the register]]]
[Test worker] WARN net.thucydides.core.steps.BaseStepListener - stepFinished: current outcome:Register in the utest platform:Example: {strName=Daniel, strLastName=Garcia} [Given than Daniel want register utest platform [Daniel open up [Daniel opens the Utes page], Daniel start [Daniel clicks on button that start the register]], When he fill out the forms
| strName | strLastName | strEmail | strPassword |
| Daniel | Garcia | danielgarcia10211222@gmail.com | TGGADll96$ | [Daniel step1 [Daniel enters 'Daniel' into first name of user, Daniel enters 'Garcia' into last name of user, Daniel enters 'danielgarcia10211222@gmail.com' into email  of user, Daniel selects number:10 in day of birth, Daniel selects number:20 in day of birth, Daniel selects number:1996 in year of birth, Daniel clicks on button that start the register]]]
[Test worker] WARN net.thucydides.core.steps.BaseStepListener - stepStarted: net.thucydides.core.steps.ExecutedStepDescription@579b67fd
[Test worker] WARN net.thucydides.core.steps.BaseStepListener - stepStarted: net.thucydides.core.steps.ExecutedStepDescription@3add9df1
[Test worker] WARN net.thucydides.core.steps.BaseStepListener - stepFinished: current outcome:Register in the utest platform:Example: {strName=Daniel, strLastName=Garcia} [Given than Daniel want register utest platform [Daniel open up [Daniel opens the Utes page], Daniel start [Daniel clicks on button that start the register]], When he fill out the forms
| strName | strLastName | strEmail | strPassword |
| Daniel | Garcia | danielgarcia10211222@gmail.com | TGGADll96$ | [Daniel step1 [Daniel enters 'Daniel' into first name of user, Daniel enters 'Garcia' into last name of user, Daniel enters 'danielgarcia10211222@gmail.com' into email  of user, Daniel selects number:10 in day of birth, Daniel selects number:20 in day of birth, Daniel selects number:1996 in year of birth, Daniel clicks on button that start the register], Daniel step2 [Daniel clicks on button that start the register]]]
[Test worker] WARN net.thucydides.core.steps.BaseStepListener - stepFinished: current outcome:Register in the utest platform:Example: {strName=Daniel, strLastName=Garcia} [Given than Daniel want register utest platform [Daniel open up [Daniel opens the Utes page], Daniel start [Daniel clicks on button that start the register]], When he fill out the forms
| strName | strLastName | strEmail | strPassword |
| Daniel | Garcia | danielgarcia10211222@gmail.com | TGGADll96$ | [Daniel step1 [Daniel enters 'Daniel' into first name of user, Daniel enters 'Garcia' into last name of user, Daniel enters 'danielgarcia10211222@gmail.com' into email  of user, Daniel selects number:10 in day of birth, Daniel selects number:20 in day of birth, Daniel selects number:1996 in year of birth, Daniel clicks on button that start the register], Daniel step2 [Daniel clicks on button that start the register]]]
[Test worker] WARN net.thucydides.core.steps.BaseStepListener - stepStarted: net.thucydides.core.steps.ExecutedStepDescription@65d0f6ca
[Test worker] WARN net.thucydides.core.steps.BaseStepListener - stepStarted: net.thucydides.core.steps.ExecutedStepDescription@57b6203f
[Test worker] WARN net.thucydides.core.steps.BaseStepListener - stepFinished: current outcome:Register in the utest platform:Example: {strName=Daniel, strLastName=Garcia} [Given than Daniel want register utest platform [Daniel open up [Daniel opens the Utes page], Daniel start [Daniel clicks on button that start the register]], When he fill out the forms
| strName | strLastName | strEmail | strPassword |
| Daniel | Garcia | danielgarcia10211222@gmail.com | TGGADll96$ | [Daniel step1 [Daniel enters 'Daniel' into first name of user, Daniel enters 'Garcia' into last name of user, Daniel enters 'danielgarcia10211222@gmail.com' into email  of user, Daniel selects number:10 in day of birth, Daniel selects number:20 in day of birth, Daniel selects number:1996 in year of birth, Daniel clicks on button that start the register], Daniel step2 [Daniel clicks on button that start the register], Daniel step3 [Daniel clicks on button that start the register]]]
[Test worker] WARN net.thucydides.core.steps.BaseStepListener - stepFinished: current outcome:Register in the utest platform:Example: {strName=Daniel, strLastName=Garcia} [Given than Daniel want register utest platform [Daniel open up [Daniel opens the Utes page], Daniel start [Daniel clicks on button that start the register]], When he fill out the forms
| strName | strLastName | strEmail | strPassword |
| Daniel | Garcia | danielgarcia10211222@gmail.com | TGGADll96$ | [Daniel step1 [Daniel enters 'Daniel' into first name of user, Daniel enters 'Garcia' into last name of user, Daniel enters 'danielgarcia10211222@gmail.com' into email  of user, Daniel selects number:10 in day of birth, Daniel selects number:20 in day of birth, Daniel selects number:1996 in year of birth, Daniel clicks on button that start the register], Daniel step2 [Daniel clicks on button that start the register], Daniel step3 [Daniel clicks on button that start the register]]]
[Test worker] WARN net.thucydides.core.steps.BaseStepListener - stepStarted: net.thucydides.core.steps.ExecutedStepDescription@70107ff8
[Test worker] WARN net.thucydides.core.steps.BaseStepListener - stepStarted: net.thucydides.core.steps.ExecutedStepDescription@3622399f
[Test worker] WARN net.thucydides.core.steps.BaseStepListener - stepFinished: current outcome:Register in the utest platform:Example: {strName=Daniel, strLastName=Garcia} [Given than Daniel want register utest platform [Daniel open up [Daniel opens the Utes page], Daniel start [Daniel clicks on button that start the register]], When he fill out the forms
| strName | strLastName | strEmail | strPassword |
| Daniel | Garcia | danielgarcia10211222@gmail.com | TGGADll96$ | [Daniel step1 [Daniel enters 'Daniel' into first name of user, Daniel enters 'Garcia' into last name of user, Daniel enters 'danielgarcia10211222@gmail.com' into email  of user, Daniel selects number:10 in day of birth, Daniel selects number:20 in day of birth, Daniel selects number:1996 in year of birth, Daniel clicks on button that start the register], Daniel step2 [Daniel clicks on button that start the register], Daniel step3 [Daniel clicks on button that start the register], Daniel step4 [Daniel enters 'TGGADll96$' into user password]]]
[Test worker] WARN net.thucydides.core.steps.BaseStepListener - stepStarted: net.thucydides.core.steps.ExecutedStepDescription@796d7fce
[Test worker] WARN net.thucydides.core.steps.BaseStepListener - stepFinished: current outcome:Register in the utest platform:Example: {strName=Daniel, strLastName=Garcia} [Given than Daniel want register utest platform [Daniel open up [Daniel opens the Utes page], Daniel start [Daniel clicks on button that start the register]], When he fill out the forms
| strName | strLastName | strEmail | strPassword |
| Daniel | Garcia | danielgarcia10211222@gmail.com | TGGADll96$ | [Daniel step1 [Daniel enters 'Daniel' into first name of user, Daniel enters 'Garcia' into last name of user, Daniel enters 'danielgarcia10211222@gmail.com' into email  of user, Daniel selects number:10 in day of birth, Daniel selects number:20 in day of birth, Daniel selects number:1996 in year of birth, Daniel clicks on button that start the register], Daniel step2 [Daniel clicks on button that start the register], Daniel step3 [Daniel clicks on button that start the register], Daniel step4 [Daniel enters 'TGGADll96$' into user password, Daniel enters 'TGGADll96$' into user password confirm]]]
[Test worker] WARN net.thucydides.core.steps.BaseStepListener - stepStarted: net.thucydides.core.steps.ExecutedStepDescription@3fb28497
[Test worker] WARN net.thucydides.core.steps.BaseStepListener - stepFinished: current outcome:Register in the utest platform:Example: {strName=Daniel, strLastName=Garcia} [Given than Daniel want register utest platform [Daniel open up [Daniel opens the Utes page], Daniel start [Daniel clicks on button that start the register]], When he fill out the forms
| strName | strLastName | strEmail | strPassword |
| Daniel | Garcia | danielgarcia10211222@gmail.com | TGGADll96$ | [Daniel step1 [Daniel enters 'Daniel' into first name of user, Daniel enters 'Garcia' into last name of user, Daniel enters 'danielgarcia10211222@gmail.com' into email  of user, Daniel selects number:10 in day of birth, Daniel selects number:20 in day of birth, Daniel selects number:1996 in year of birth, Daniel clicks on button that start the register], Daniel step2 [Daniel clicks on button that start the register], Daniel step3 [Daniel clicks on button that start the register], Daniel step4 [Daniel enters 'TGGADll96$' into user password, Daniel enters 'TGGADll96$' into user password confirm, Daniel clicks on term Of Use for user]]]
[Test worker] WARN net.thucydides.core.steps.BaseStepListener - stepStarted: net.thucydides.core.steps.ExecutedStepDescription@57aaf056
[Test worker] WARN net.thucydides.core.steps.BaseStepListener - stepFinished: current outcome:Register in the utest platform:Example: {strName=Daniel, strLastName=Garcia} [Given than Daniel want register utest platform [Daniel open up [Daniel opens the Utes page], Daniel start [Daniel clicks on button that start the register]], When he fill out the forms
| strName | strLastName | strEmail | strPassword |
| Daniel | Garcia | danielgarcia10211222@gmail.com | TGGADll96$ | [Daniel step1 [Daniel enters 'Daniel' into first name of user, Daniel enters 'Garcia' into last name of user, Daniel enters 'danielgarcia10211222@gmail.com' into email  of user, Daniel selects number:10 in day of birth, Daniel selects number:20 in day of birth, Daniel selects number:1996 in year of birth, Daniel clicks on button that start the register], Daniel step2 [Daniel clicks on button that start the register], Daniel step3 [Daniel clicks on button that start the register], Daniel step4 [Daniel enters 'TGGADll96$' into user password, Daniel enters 'TGGADll96$' into user password confirm, Daniel clicks on term Of Use for user, Daniel clicks on Privacy & Security Policy  for user]]]
[Test worker] WARN net.thucydides.core.steps.BaseStepListener - stepStarted: net.thucydides.core.steps.ExecutedStepDescription@188300d
[Test worker] WARN net.thucydides.core.steps.BaseStepListener - stepFinished: current outcome:Register in the utest platform:Example: {strName=Daniel, strLastName=Garcia} [Given than Daniel want register utest platform [Daniel open up [Daniel opens the Utes page], Daniel start [Daniel clicks on button that start the register]], When he fill out the forms
| strName | strLastName | strEmail | strPassword |
| Daniel | Garcia | danielgarcia10211222@gmail.com | TGGADll96$ | [Daniel step1 [Daniel enters 'Daniel' into first name of user, Daniel enters 'Garcia' into last name of user, Daniel enters 'danielgarcia10211222@gmail.com' into email  of user, Daniel selects number:10 in day of birth, Daniel selects number:20 in day of birth, Daniel selects number:1996 in year of birth, Daniel clicks on button that start the register], Daniel step2 [Daniel clicks on button that start the register], Daniel step3 [Daniel clicks on button that start the register], Daniel step4 [Daniel enters 'TGGADll96$' into user password, Daniel enters 'TGGADll96$' into user password confirm, Daniel clicks on term Of Use for user, Daniel clicks on Privacy & Security Policy  for user, Daniel clicks on button that start the register]]]
[Test worker] WARN net.thucydides.core.steps.BaseStepListener - stepFinished: current outcome:Register in the utest platform:Example: {strName=Daniel, strLastName=Garcia} [Given than Daniel want register utest platform [Daniel open up [Daniel opens the Utes page], Daniel start [Daniel clicks on button that start the register]], When he fill out the forms
| strName | strLastName | strEmail | strPassword |
| Daniel | Garcia | danielgarcia10211222@gmail.com | TGGADll96$ | [Daniel step1 [Daniel enters 'Daniel' into first name of user, Daniel enters 'Garcia' into last name of user, Daniel enters 'danielgarcia10211222@gmail.com' into email  of user, Daniel selects number:10 in day of birth, Daniel selects number:20 in day of birth, Daniel selects number:1996 in year of birth, Daniel clicks on button that start the register], Daniel step2 [Daniel clicks on button that start the register], Daniel step3 [Daniel clicks on button that start the register], Daniel step4 [Daniel enters 'TGGADll96$' into user password, Daniel enters 'TGGADll96$' into user password confirm, Daniel clicks on term Of Use for user, Daniel clicks on Privacy & Security Policy  for user, Daniel clicks on button that start the register]]]
[Test worker] WARN net.thucydides.core.steps.BaseStepListener - stepFinished: current outcome:Register in the utest platform:Example: {strName=Daniel, strLastName=Garcia} [Given than Daniel want register utest platform [Daniel open up [Daniel opens the Utes page], Daniel start [Daniel clicks on button that start the register]], When he fill out the forms
| strName | strLastName | strEmail | strPassword |
| Daniel | Garcia | danielgarcia10211222@gmail.com | TGGADll96$ | [Daniel step1 [Daniel enters 'Daniel' into first name of user, Daniel enters 'Garcia' into last name of user, Daniel enters 'danielgarcia10211222@gmail.com' into email  of user, Daniel selects number:10 in day of birth, Daniel selects number:20 in day of birth, Daniel selects number:1996 in year of birth, Daniel clicks on button that start the register], Daniel step2 [Daniel clicks on button that start the register], Daniel step3 [Daniel clicks on button that start the register], Daniel step4 [Daniel enters 'TGGADll96$' into user password, Daniel enters 'TGGADll96$' into user password confirm, Daniel clicks on term Of Use for user, Daniel clicks on Privacy & Security Policy  for user, Daniel clicks on button that start the register]]]
[Test worker] WARN net.thucydides.core.steps.BaseStepListener - stepStarted: net.thucydides.core.steps.ExecutedStepDescription@9589a9c
[Test worker] WARN net.thucydides.core.steps.BaseStepListener - stepFinished: current outcome:Register in the utest platform:Example: {strName=Daniel, strLastName=Garcia} [Given than Daniel want register utest platform [Daniel open up [Daniel opens the Utes page], Daniel start [Daniel clicks on button that start the register]], When he fill out the forms
| strName | strLastName | strEmail | strPassword |
| Daniel | Garcia | danielgarcia10211222@gmail.com | TGGADll96$ | [Daniel step1 [Daniel enters 'Daniel' into first name of user, Daniel enters 'Garcia' into last name of user, Daniel enters 'danielgarcia10211222@gmail.com' into email  of user, Daniel selects number:10 in day of birth, Daniel selects number:20 in day of birth, Daniel selects number:1996 in year of birth, Daniel clicks on button that start the register], Daniel step2 [Daniel clicks on button that start the register], Daniel step3 [Daniel clicks on button that start the register], Daniel step4 [Daniel enters 'TGGADll96$' into user password, Daniel enters 'TGGADll96$' into user password confirm, Daniel clicks on term Of Use for user, Daniel clicks on Privacy & Security Policy  for user, Daniel clicks on button that start the register]], Then he finish the proccess]
[Test worker] WARN net.thucydides.core.steps.BaseStepListener - stepFinished: current outcome:Register in the utest platform:Example: {strName=Daniel, strLastName=Garcia} [Given than Daniel want register utest platform [Daniel open up [Daniel opens the Utes page], Daniel start [Daniel clicks on button that start the register]], When he fill out the forms
| strName | strLastName | strEmail | strPassword |
| Daniel | Garcia | danielgarcia10211222@gmail.com | TGGADll96$ | [Daniel step1 [Daniel enters 'Daniel' into first name of user, Daniel enters 'Garcia' into last name of user, Daniel enters 'danielgarcia10211222@gmail.com' into email  of user, Daniel selects number:10 in day of birth, Daniel selects number:20 in day of birth, Daniel selects number:1996 in year of birth, Daniel clicks on button that start the register], Daniel step2 [Daniel clicks on button that start the register], Daniel step3 [Daniel clicks on button that start the register], Daniel step4 [Daniel enters 'TGGADll96$' into user password, Daniel enters 'TGGADll96$' into user password confirm, Daniel clicks on term Of Use for user, Daniel clicks on Privacy & Security Policy  for user, Daniel clicks on button that start the register]], Then he finish the proccess]
[Test worker] WARN net.thucydides.core.steps.BaseStepListener - testFinished: Register in the utest platform:Example: {strName=Daniel, strLastName=Garcia} [Given than Daniel want register utest platform [Daniel open up [Daniel opens the Utes page], Daniel start [Daniel clicks on button that start the register]], When he fill out the forms
| strName | strLastName | strEmail | strPassword |
| Daniel | Garcia | danielgarcia10211222@gmail.com | TGGADll96$ | [Daniel step1 [Daniel enters 'Daniel' into first name of user, Daniel enters 'Garcia' into last name of user, Daniel enters 'danielgarcia10211222@gmail.com' into email  of user, Daniel selects number:10 in day of birth, Daniel selects number:20 in day of birth, Daniel selects number:1996 in year of birth, Daniel clicks on button that start the register], Daniel step2 [Daniel clicks on button that start the register], Daniel step3 [Daniel clicks on button that start the register], Daniel step4 [Daniel enters 'TGGADll96$' into user password, Daniel enters 'TGGADll96$' into user password confirm, Daniel clicks on term Of Use for user, Daniel clicks on Privacy & Security Policy  for user, Daniel clicks on button that start the register]], Then he finish the proccess]
[Test worker] WARN net.thucydides.core.steps.BaseStepListener - TestOutcomes: [Register in the utest platform:Example: {strName=Daniel, strLastName=Garcia} [Given than Daniel want register utest platform [Daniel open up [Daniel opens the Utes page], Daniel start [Daniel clicks on button that start the register]], When he fill out the forms
| strName | strLastName | strEmail | strPassword |
| Daniel | Garcia | danielgarcia10211222@gmail.com | TGGADll96$ | [Daniel step1 [Daniel enters 'Daniel' into first name of user, Daniel enters 'Garcia' into last name of user, Daniel enters 'danielgarcia10211222@gmail.com' into email  of user, Daniel selects number:10 in day of birth, Daniel selects number:20 in day of birth, Daniel selects number:1996 in year of birth, Daniel clicks on button that start the register], Daniel step2 [Daniel clicks on button that start the register], Daniel step3 [Daniel clicks on button that start the register], Daniel step4 [Daniel enters 'TGGADll96$' into user password, Daniel enters 'TGGADll96$' into user password confirm, Daniel clicks on term Of Use for user, Daniel clicks on Privacy & Security Policy  for user, Daniel clicks on button that start the register]], Then he finish the proccess]]
[Test worker] WARN net.thucydides.core.steps.BaseStepListener - Final testOutcomes: [Register in the utest platform:Example: {strName=Daniel, strLastName=Garcia} [Given than Daniel want register utest platform [Daniel open up [Daniel opens the Utes page], Daniel start [Daniel clicks on button that start the register]], When he fill out the forms
| strName | strLastName | strEmail | strPassword |
| Daniel | Garcia | danielgarcia10211222@gmail.com | TGGADll96$ | [Daniel step1 [Daniel enters 'Daniel' into first name of user, Daniel enters 'Garcia' into last name of user, Daniel enters 'danielgarcia10211222@gmail.com' into email  of user, Daniel selects number:10 in day of birth, Daniel selects number:20 in day of birth, Daniel selects number:1996 in year of birth, Daniel clicks on button that start the register], Daniel step2 [Daniel clicks on button that start the register], Daniel step3 [Daniel clicks on button that start the register], Daniel step4 [Daniel enters 'TGGADll96$' into user password, Daniel enters 'TGGADll96$' into user password confirm, Daniel clicks on term Of Use for user, Daniel clicks on Privacy & Security Policy  for user, Daniel clicks on button that start the register]], Then he finish the proccess]]
[Test worker] INFO net.thucydides.core.steps.ConsoleLoggingListener - 
        __    _____ _____ ____ _____   ____   _    ____  ____  _____ ____  
  _     \ \  |_   _| ____/ ___|_   _| |  _ \ / \  / ___|/ ___|| ____|  _ \ 
 (_)_____| |   | | |  _| \___ \ | |   | |_) / _ \ \___ \\___ \|  _| | | | |
  _|_____| |   | | | |___ ___) || |   |  __/ ___ \ ___) |___) | |___| |_| |
 (_)     | |   |_| |_____|____/ |_|   |_| /_/   \_\____/|____/|_____|____/ 
        /_/                                                                

TEST PASSED: Register in the utest platform
----------------------------------------------------------------------------
]]></system-err>
</testsuite>
